TOKEN_DECLARATION : var
TOKEN_IDENTIFIER : a
TOKEN_SYMBOL : :
TOKEN_TYPE : num
TOKEN_OPERATOR : =
TOKEN_LITERAL : 42
TOKEN_SYMBOL : ;
TOKEN_DECLARATION : var
TOKEN_IDENTIFIER : b
TOKEN_SYMBOL : :
TOKEN_TYPE : string
TOKEN_OPERATOR : =
TOKEN_LITERAL : "hello"
TOKEN_SYMBOL : ;
TOKEN_DECLARATION : var
TOKEN_IDENTIFIER : c
TOKEN_SYMBOL : :
TOKEN_TYPE : decimal
TOKEN_OPERATOR : =
TOKEN_LITERAL : 10.5
TOKEN_SYMBOL : ;
TOKEN_DECLARATION : const
TOKEN_IDENTIFIER : d
TOKEN_SYMBOL : :
TOKEN_TYPE : bool
TOKEN_OPERATOR : =
TOKEN_LITERAL : true
TOKEN_SYMBOL : ;
TOKEN_BUILTIN : println
TOKEN_SYMBOL : (
TOKEN_IDENTIFIER : a
TOKEN_SYMBOL : )
TOKEN_SYMBOL : ;
TOKEN_BUILTIN : println
TOKEN_SYMBOL : (
TOKEN_IDENTIFIER : b
TOKEN_SYMBOL : )
TOKEN_SYMBOL : ;
TOKEN_BUILTIN : println
TOKEN_SYMBOL : (
TOKEN_IDENTIFIER : c
TOKEN_SYMBOL : )
TOKEN_SYMBOL : ;
TOKEN_BUILTIN : println
TOKEN_SYMBOL : (
TOKEN_IDENTIFIER : d
TOKEN_SYMBOL : )
TOKEN_SYMBOL : ;
TOKEN_BUILTIN : println
TOKEN_SYMBOL : (
TOKEN_LITERAL : "Hello World! This code has been writen in Kitsu script"
TOKEN_SYMBOL : )
TOKEN_SYMBOL : ;
TOKEN_IDENTIFIER : a
TOKEN_OPERATOR : +=
TOKEN_LITERAL : 10
TOKEN_SYMBOL : ;
TOKEN_BUILTIN : println
TOKEN_SYMBOL : (
TOKEN_IDENTIFIER : a
TOKEN_SYMBOL : )
TOKEN_SYMBOL : ;
